{"C:\\Users\\gabri\\Desktop\\test-coverage\\lib\\numbers.js": {"path":"C:\\Users\\gabri\\Desktop\\test-coverage\\lib\\numbers.js","statementMap":{"0":{"start":{"line":4,"column":8},"end":{"line":5,"column":22}},"1":{"start":{"line":5,"column":12},"end":{"line":5,"column":22}},"2":{"start":{"line":7,"column":8},"end":{"line":11,"column":22}},"3":{"start":{"line":8,"column":12},"end":{"line":8,"column":22}},"4":{"start":{"line":11,"column":12},"end":{"line":11,"column":22}},"5":{"start":{"line":15,"column":0},"end":{"line":15,"column":25}}},"fnMap":{"0":{"name":"(anonymous_0)","decl":{"start":{"line":3,"column":4},"end":{"line":3,"column":5}},"loc":{"start":{"line":3,"column":15},"end":{"line":12,"column":5}},"line":3}},"branchMap":{"0":{"loc":{"start":{"line":4,"column":8},"end":{"line":5,"column":22}},"type":"if","locations":[{"start":{"line":4,"column":8},"end":{"line":5,"column":22}},{"start":{"line":4,"column":8},"end":{"line":5,"column":22}}],"line":4},"1":{"loc":{"start":{"line":7,"column":8},"end":{"line":11,"column":22}},"type":"if","locations":[{"start":{"line":7,"column":8},"end":{"line":11,"column":22}},{"start":{"line":7,"column":8},"end":{"line":11,"column":22}}],"line":7}},"s":{"0":3,"1":1,"2":2,"3":1,"4":1,"5":1},"f":{"0":3},"b":{"0":[1,2],"1":[1,1]},"_coverageSchema":"1a1c01bbd47fc00a2c39e90264f33305004495a9","hash":"00c598317d522613e7ee5402ffb576a4cd51a529"}
,"C:\\Users\\gabri\\Desktop\\test-coverage\\lib\\parimpar.js": {"path":"C:\\Users\\gabri\\Desktop\\test-coverage\\lib\\parimpar.js","statementMap":{"0":{"start":{"line":4,"column":8},"end":{"line":8,"column":22}},"1":{"start":{"line":5,"column":12},"end":{"line":5,"column":22}},"2":{"start":{"line":8,"column":12},"end":{"line":8,"column":22}},"3":{"start":{"line":12,"column":0},"end":{"line":12,"column":26}}},"fnMap":{"0":{"name":"(anonymous_0)","decl":{"start":{"line":3,"column":4},"end":{"line":3,"column":5}},"loc":{"start":{"line":3,"column":19},"end":{"line":9,"column":5}},"line":3}},"branchMap":{"0":{"loc":{"start":{"line":4,"column":8},"end":{"line":8,"column":22}},"type":"if","locations":[{"start":{"line":4,"column":8},"end":{"line":8,"column":22}},{"start":{"line":4,"column":8},"end":{"line":8,"column":22}}],"line":4}},"s":{"0":2,"1":1,"2":1,"3":1},"f":{"0":2},"b":{"0":[1,1]},"_coverageSchema":"1a1c01bbd47fc00a2c39e90264f33305004495a9","hash":"2b8f46ffbf492b10c27c31cb358e78fbe44c5657"}
}
